[08/16/2022 13:37:14] Debug: Session id: 7810282a-770a-4f73-b123-8839c598a660
[08/16/2022 13:37:14] Debug: Code Processor information: Name :SnowConvert, Version: 7.11.80.0
[08/16/2022 13:37:15] Debug: Getting license
[08/16/2022 13:37:15] Debug: License information
	Status: Failed
	Message: No active license available.
[08/16/2022 13:37:15] Info: Starting to validate parameters
[08/16/2022 13:37:15] Info: Parameters to validate: 
	Execution mode: Conversion
	LICENSE_KEY: a3372138-b87e-4a08-b929-3b48b24c63f1
[08/16/2022 13:37:15] Info: Validation of parameters: Success
[08/16/2022 13:37:15] Debug: Getting code descriptor
[08/16/2022 13:37:15] Debug: Code descriptor information
	Units: 51
	Units type: LOC
	All file bytes: 2141
	All found extensions: .sql,.dml,.ddl,.bteq,.btq,.fl,.fload,.ml,.mload,.mld,.tp,.tpump,.tpt
[08/16/2022 13:37:15] Debug: Calculating fingerprint
[08/16/2022 13:37:15] Debug: Fingerprint information Fingerprint(size=2141,projects=1)
[08/16/2022 13:37:15] Info: Starting to try to validate online license for execution
[08/16/2022 13:37:17] Debug: Getting license
[08/16/2022 13:37:17] Debug: License information
	Status: Failed
	Message: No active license available.
[08/16/2022 13:37:17] Debug: Starting the execution of the controller
[08/16/2022 13:37:18] Debug: Executing the worker: SnowConvert
[08/16/2022 13:37:30] Debug: Finished executing the worker: SnowConvert
[08/16/2022 13:37:32] Info: Controller execution ended
